Creating test database for alias 'default' ('file:memorydb_default?mode=memory&cache=shared')...
Operations to perform:
  Synchronize unmigrated apps: messages, rest_framework, staticfiles
  Apply all migrations: admin, auth, authentication, authtoken, contenttypes, courses, sessions
Synchronizing apps without migrations:
  Creating tables...
    Running deferred SQL...
Running migrations:
  Applying contenttypes.0001_initial... OK
  Applying auth.0001_initial... OK
  Applying admin.0001_initial... OK
  Applying admin.0002_logentry_remove_auto_add... OK
  Applying admin.0003_logentry_add_action_flag_choices... OK
  Applying contenttypes.0002_remove_content_type_name... OK
  Applying auth.0002_alter_permission_name_max_length... OK
  Applying auth.0003_alter_user_email_max_length... OK
  Applying auth.0004_alter_user_username_opts... OK
  Applying auth.0005_alter_user_last_login_null... OK
  Applying auth.0006_require_contenttypes_0002... OK
  Applying auth.0007_alter_validators_add_error_messages... OK
  Applying auth.0008_alter_user_username_max_length... OK
  Applying auth.0009_alter_user_last_name_max_length... OK
  Applying auth.0010_alter_group_name_max_length... OK
  Applying auth.0011_update_proxy_permissions... OK
  Applying auth.0012_alter_user_first_name_max_length... OK
  Applying authentication.0001_initial... OK
  Applying authentication.0002_delete_student... OK
  Applying authtoken.0001_initial... OK
  Applying authtoken.0002_auto_20160226_1747... OK
  Applying authtoken.0003_tokenproxy... OK
  Applying courses.0001_initial... OK
  Applying sessions.0001_initial... OK
System check identified no issues (0 silenced).
test_create_and_login_for_facilitator_account (tests.TestAccountView) ... ok
test_create_and_login_for_instructor_account (tests.TestAccountView) ... ok
test_create_and_login_for_student_account (tests.TestAccountView) ... ok
test_create_two_equals_users (tests.TestAccountView) ... ok
test_wrong_credentials_do_not_login (tests.TestAccountView) ... ok
test_create_activities_student (tests.TestActivityView) ... FAIL
test_facilitator_can_filter_activities (tests.TestActivityView) ... ERROR
test_facilitator_can_grade_activities (tests.TestActivityView) ... FAIL
test_facilitator_gets_all_activities (tests.TestActivityView) ... ERROR
test_facilitator_or_instructor_cannot_create_activity (tests.TestActivityView) ... FAIL
test_get_activities_student (tests.TestActivityView) ... ERROR
test_student_can_only_see_own_activities (tests.TestActivityView) ... ERROR
test_student_cannot_assign_grade (tests.TestActivityView) ... FAIL
test_anonymous_can_list_courses (tests.TestCourseView) ... ok
test_facilitator_or_student_cannot_create_course (tests.TestCourseView) ... ok
test_instructor_can_create_course (tests.TestCourseView) ... ok
test_instructor_can_register_students_on_course (tests.TestCourseView) ... ok

======================================================================
ERROR: test_facilitator_can_filter_activities (tests.TestActivityView)
----------------------------------------------------------------------
Traceback (most recent call last):
  File "/home/enias/kenzie/q4/sprint-1/exercices/kanvas/tests.py", line 588, in test_facilitator_can_filter_activities
    self.client.post("/api/activities/", self.activity_data_1, format="json").json()
  File "/home/enias/.cache/pypoetry/virtualenvs/kanvas-ZfuR04LP-py3.9/lib/python3.9/site-packages/django/test/client.py", line 662, in _parse_json
    raise ValueError(
ValueError: Content-Type header is "text/html", not "application/json"

======================================================================
ERROR: test_facilitator_gets_all_activities (tests.TestActivityView)
----------------------------------------------------------------------
Traceback (most recent call last):
  File "/home/enias/kenzie/q4/sprint-1/exercices/kanvas/tests.py", line 547, in test_facilitator_gets_all_activities
    self.client.post("/api/activities/", self.activity_data_1, format="json").json()
  File "/home/enias/.cache/pypoetry/virtualenvs/kanvas-ZfuR04LP-py3.9/lib/python3.9/site-packages/django/test/client.py", line 662, in _parse_json
    raise ValueError(
ValueError: Content-Type header is "text/html", not "application/json"

======================================================================
ERROR: test_get_activities_student (tests.TestActivityView)
----------------------------------------------------------------------
Traceback (most recent call last):
  File "/home/enias/kenzie/q4/sprint-1/exercices/kanvas/tests.py", line 478, in test_get_activities_student
    activity_1 = self.client.post(
  File "/home/enias/.cache/pypoetry/virtualenvs/kanvas-ZfuR04LP-py3.9/lib/python3.9/site-packages/django/test/client.py", line 662, in _parse_json
    raise ValueError(
ValueError: Content-Type header is "text/html", not "application/json"

======================================================================
ERROR: test_student_can_only_see_own_activities (tests.TestActivityView)
----------------------------------------------------------------------
Traceback (most recent call last):
  File "/home/enias/kenzie/q4/sprint-1/exercices/kanvas/tests.py", line 514, in test_student_can_only_see_own_activities
    self.client.post("/api/activities/", self.activity_data_1, format="json").json()
  File "/home/enias/.cache/pypoetry/virtualenvs/kanvas-ZfuR04LP-py3.9/lib/python3.9/site-packages/django/test/client.py", line 662, in _parse_json
    raise ValueError(
ValueError: Content-Type header is "text/html", not "application/json"

======================================================================
FAIL: test_create_activities_student (tests.TestActivityView)
----------------------------------------------------------------------
Traceback (most recent call last):
  File "/home/enias/kenzie/q4/sprint-1/exercices/kanvas/tests.py", line 384, in test_create_activities_student
    self.assertEqual(response.status_code, 401)
AssertionError: 404 != 401

======================================================================
FAIL: test_facilitator_can_grade_activities (tests.TestActivityView)
----------------------------------------------------------------------
Traceback (most recent call last):
  File "/home/enias/kenzie/q4/sprint-1/exercices/kanvas/tests.py", line 625, in test_facilitator_can_grade_activities
    self.assertEqual(response.status_code, 401)
AssertionError: 404 != 401

======================================================================
FAIL: test_facilitator_or_instructor_cannot_create_activity (tests.TestActivityView)
----------------------------------------------------------------------
Traceback (most recent call last):
  File "/home/enias/kenzie/q4/sprint-1/exercices/kanvas/tests.py", line 422, in test_facilitator_or_instructor_cannot_create_activity
    self.assertEqual(response.status_code, 401)
AssertionError: 404 != 401

======================================================================
FAIL: test_student_cannot_assign_grade (tests.TestActivityView)
----------------------------------------------------------------------
Traceback (most recent call last):
  File "/home/enias/kenzie/q4/sprint-1/exercices/kanvas/tests.py", line 446, in test_student_cannot_assign_grade
    self.assertEqual(response.status_code, 401)
AssertionError: 404 != 401

----------------------------------------------------------------------
Ran 17 tests in 3.942s

FAILED (failures=4, errors=4)
Destroying test database for alias 'default' ('file:memorydb_default?mode=memory&cache=shared')...
